  Compiling CUDA source file kernel.cu...
  
  C:\Users\yo\Desktop\Practica 1\Paradigmas-Avanzados-de-la-Programacion\.vs\practica parte 1\practica parte 1>"C:\Program Files\NVIDIA GPU Computing Toolkit\CUDA\v10.2\bin\nvcc.exe" -gencode=arch=compute_30,code=\"sm_30,compute_30\" --use-local-env -ccbin "C:\Program Files (x86)\Microsoft Visual Studio\2019\Community\VC\Tools\MSVC\14.29.30133\bin\HostX86\x64" -x cu  -I"C:\Program Files\NVIDIA GPU Computing Toolkit\CUDA\v10.2\include" -I"C:\Program Files\NVIDIA GPU Computing Toolkit\CUDA\v10.2\include"  -G   --keep-dir x64\Debug -maxrregcount=0  --machine 64 --compile -cudart static  -g   -DWIN32 -DWIN64 -D_DEBUG -D_CONSOLE -D_MBCS -Xcompiler "/EHsc /W3 /nologo /Od /Fdx64\Debug\vc142.pdb /FS /Zi /RTC1 /MDd " -o x64\Debug\kernel.cu.obj "C:\Users\yo\Desktop\Practica 1\Paradigmas-Avanzados-de-la-Programacion\.vs\practica parte 1\practica parte 1\kernel.cu" 
C:/Users/yo/Desktop/Practica 1/Paradigmas-Avanzados-de-la-Programacion/.vs/practica parte 1/practica parte 1/kernel.cu(93): warning : variable "colActual" was declared but never referenced
  
C:/Users/yo/Desktop/Practica 1/Paradigmas-Avanzados-de-la-Programacion/.vs/practica parte 1/practica parte 1/kernel.cu(172): warning : variable "posSigFila" was declared but never referenced
  
C:/Users/yo/Desktop/Practica 1/Paradigmas-Avanzados-de-la-Programacion/.vs/practica parte 1/practica parte 1/kernel.cu(174): warning : variable "col_actual" was declared but never referenced
  
C:/Users/yo/Desktop/Practica 1/Paradigmas-Avanzados-de-la-Programacion/.vs/practica parte 1/practica parte 1/kernel.cu(154): warning : variable "colActual" was declared but never referenced
  
C:/Users/yo/Desktop/Practica 1/Paradigmas-Avanzados-de-la-Programacion/.vs/practica parte 1/practica parte 1/kernel.cu(334): warning : multicharacter character literal (potential portability problem)
  
C:/Users/yo/Desktop/Practica 1/Paradigmas-Avanzados-de-la-Programacion/.vs/practica parte 1/practica parte 1/kernel.cu(341): warning : multicharacter character literal (potential portability problem)
  
C:/Users/yo/Desktop/Practica 1/Paradigmas-Avanzados-de-la-Programacion/.vs/practica parte 1/practica parte 1/kernel.cu(348): warning : multicharacter character literal (potential portability problem)
  
C:/Users/yo/Desktop/Practica 1/Paradigmas-Avanzados-de-la-Programacion/.vs/practica parte 1/practica parte 1/kernel.cu(356): warning : multicharacter character literal (potential portability problem)
  
C:/Users/yo/Desktop/Practica 1/Paradigmas-Avanzados-de-la-Programacion/.vs/practica parte 1/practica parte 1/kernel.cu(363): warning : multicharacter character literal (potential portability problem)
  
C:/Users/yo/Desktop/Practica 1/Paradigmas-Avanzados-de-la-Programacion/.vs/practica parte 1/practica parte 1/kernel.cu(370): warning : multicharacter character literal (potential portability problem)
  
C:/Users/yo/Desktop/Practica 1/Paradigmas-Avanzados-de-la-Programacion/.vs/practica parte 1/practica parte 1/kernel.cu(388): warning : conversion from pointer to smaller integer
  
C:/Users/yo/Desktop/Practica 1/Paradigmas-Avanzados-de-la-Programacion/.vs/practica parte 1/practica parte 1/kernel.cu(389): warning : the format string ends before this argument
  
C:/Users/yo/Desktop/Practica 1/Paradigmas-Avanzados-de-la-Programacion/.vs/practica parte 1/practica parte 1/kernel.cu(447): warning : conversion from pointer to smaller integer
  
C:/Users/yo/Desktop/Practica 1/Paradigmas-Avanzados-de-la-Programacion/.vs/practica parte 1/practica parte 1/kernel.cu(459): warning : return type of function "main" must be "int"
  
C:/Users/yo/Desktop/Practica 1/Paradigmas-Avanzados-de-la-Programacion/.vs/practica parte 1/practica parte 1/kernel.cu(480): warning : multicharacter character literal (potential portability problem)
  
C:/Users/yo/Desktop/Practica 1/Paradigmas-Avanzados-de-la-Programacion/.vs/practica parte 1/practica parte 1/kernel.cu(467): warning : variable "size" was declared but never referenced
  
C:/Users/yo/Desktop/Practica 1/Paradigmas-Avanzados-de-la-Programacion/.vs/practica parte 1/practica parte 1/kernel.cu(334): warning : multicharacter character literal (potential portability problem)
  
C:/Users/yo/Desktop/Practica 1/Paradigmas-Avanzados-de-la-Programacion/.vs/practica parte 1/practica parte 1/kernel.cu(341): warning : multicharacter character literal (potential portability problem)
  
C:/Users/yo/Desktop/Practica 1/Paradigmas-Avanzados-de-la-Programacion/.vs/practica parte 1/practica parte 1/kernel.cu(348): warning : multicharacter character literal (potential portability problem)
  
C:/Users/yo/Desktop/Practica 1/Paradigmas-Avanzados-de-la-Programacion/.vs/practica parte 1/practica parte 1/kernel.cu(356): warning : multicharacter character literal (potential portability problem)
  
C:/Users/yo/Desktop/Practica 1/Paradigmas-Avanzados-de-la-Programacion/.vs/practica parte 1/practica parte 1/kernel.cu(363): warning : multicharacter character literal (potential portability problem)
  
C:/Users/yo/Desktop/Practica 1/Paradigmas-Avanzados-de-la-Programacion/.vs/practica parte 1/practica parte 1/kernel.cu(370): warning : multicharacter character literal (potential portability problem)
  
C:/Users/yo/Desktop/Practica 1/Paradigmas-Avanzados-de-la-Programacion/.vs/practica parte 1/practica parte 1/kernel.cu(388): warning : conversion from pointer to smaller integer
  
C:/Users/yo/Desktop/Practica 1/Paradigmas-Avanzados-de-la-Programacion/.vs/practica parte 1/practica parte 1/kernel.cu(447): warning : conversion from pointer to smaller integer
  
C:/Users/yo/Desktop/Practica 1/Paradigmas-Avanzados-de-la-Programacion/.vs/practica parte 1/practica parte 1/kernel.cu(459): warning : return type of function "main" must be "int"
  
C:/Users/yo/Desktop/Practica 1/Paradigmas-Avanzados-de-la-Programacion/.vs/practica parte 1/practica parte 1/kernel.cu(480): warning : multicharacter character literal (potential portability problem)
  
  kernel.cu
C:/Users/yo/Desktop/Practica 1/Paradigmas-Avanzados-de-la-Programacion/.vs/practica parte 1/practica parte 1/kernel.cu(277): warning C4244: 'inicializando': conversión de 'time_t' a 'unsigned int'; posible pérdida de datos
C:/Users/yo/Desktop/Practica 1/Paradigmas-Avanzados-de-la-Programacion/.vs/practica parte 1/practica parte 1/kernel.cu(387): warning C4477: 'printf' : la cadena de formato '%d' requiere un argumento de tipo 'int', pero el argumento variádico 1 tiene el tipo 'int *'
C:/Users/yo/Desktop/Practica 1/Paradigmas-Avanzados-de-la-Programacion/.vs/practica parte 1/practica parte 1/kernel.cu(387): warning C4313: 'printf': '%d' de la cadena de formato origina conflictos con el argumento 1 del tipo 'int *'
C:/Users/yo/Desktop/Practica 1/Paradigmas-Avanzados-de-la-Programacion/.vs/practica parte 1/practica parte 1/kernel.cu(388): warning C4311: 'conversión de tipo': truncamiento de puntero de 'int *' a 'int'
C:/Users/yo/Desktop/Practica 1/Paradigmas-Avanzados-de-la-Programacion/.vs/practica parte 1/practica parte 1/kernel.cu(388): warning C4302: 'conversión de tipo': truncamiento de 'int *' a 'int'
C:/Users/yo/Desktop/Practica 1/Paradigmas-Avanzados-de-la-Programacion/.vs/practica parte 1/practica parte 1/kernel.cu(389): warning C4474: "printf": se pasaron demasiados argumentos para la cadena de formato
  C:/Users/yo/Desktop/Practica 1/Paradigmas-Avanzados-de-la-Programacion/.vs/practica parte 1/practica parte 1/kernel.cu(389): note: los marcadores de posición y sus parámetros esperan 0 argumentos variádicos, pero se proporcionaron 1
C:/Users/yo/Desktop/Practica 1/Paradigmas-Avanzados-de-la-Programacion/.vs/practica parte 1/practica parte 1/kernel.cu(436): warning C4244: 'inicializando': conversión de 'time_t' a 'unsigned int'; posible pérdida de datos
C:/Users/yo/Desktop/Practica 1/Paradigmas-Avanzados-de-la-Programacion/.vs/practica parte 1/practica parte 1/kernel.cu(447): warning C4311: 'conversión de tipo': truncamiento de puntero de 'int *' a 'int'
C:/Users/yo/Desktop/Practica 1/Paradigmas-Avanzados-de-la-Programacion/.vs/practica parte 1/practica parte 1/kernel.cu(447): warning C4302: 'conversión de tipo': truncamiento de 'int *' a 'int'
  practica parte 1.vcxproj -> C:\Users\yo\Desktop\Practica 1\Paradigmas-Avanzados-de-la-Programacion\.vs\practica parte 1\x64\Debug\practica parte 1.exe
